{'EGFR(p2mod, ras)': set(['EGF_pEGFR_2_Grb2_MEKK1apRafbppMEKcdef',
                          'EGF_pEGFR_2_pShc_Grb2_MEKK1apRafbppMEKcdef']),
 'EGFR(p2mod, shc)': set(['EGF_pEGFR_2_Grb2_MEKK1apRafbppMEKcdef',
                          'EGF_pEGFR_2_pShc_Grb2_MEKK1apRafbppMEKcdef']),
 'ERK(p2mod, mekk1abcdef)': set(['ppERK_MKP3']),
 'ERK(p2mod, mkp3)': set(['ppERK_MKP3']),
 'ERK(pmod, mek)': set(['ppERK', 'ppMEK_pERK']),
 'ERK(pmod, mekk1abcdef)': set(['ppERK', 'ppMEK_pERK']),
 'ERK(pmod, p2mod)': set(['ppERK', 'ppERK_MKP3', 'ppMEK_pERK']),
 'MEK(p2mod, pp2a)': set(['EGF_pEGFR_2_Grb2_MEKK1aRafbppMEKcdef',
                          'EGF_pEGFR_2_Grb2_MEKK1abppMEKcdef',
                          'EGF_pEGFR_2_Grb2_MEKK1abppMEKcdefRasGTP',
                          'EGF_pEGFR_2_Grb2_MEKK1apRafbppMEKcdef',
                          'EGF_pEGFR_2_pShc_Grb2_MEKK1aRafbppMEKcdef',
                          'EGF_pEGFR_2_pShc_Grb2_MEKK1abppMEKcdef',
                          'EGF_pEGFR_2_pShc_Grb2_MEKK1abppMEKcdefRasGTP',
                          'EGF_pEGFR_2_pShc_Grb2_MEKK1apRafbppMEKcdef',
                          'ppMEK_PP2A']),
 'Raf(pmod, ras)': set(['EGF_pEGFR_2_Grb2_MEKK1apRafbMEKcdef',
                        'EGF_pEGFR_2_Grb2_MEKK1apRafbcdef',
                        'EGF_pEGFR_2_Grb2_MEKK1apRafbppMEKcdef',
                        'EGF_pEGFR_2_pShc_Grb2_MEKK1apRafbMEKcdef',
                        'EGF_pEGFR_2_pShc_Grb2_MEKK1apRafbcdef',
                        'EGF_pEGFR_2_pShc_Grb2_MEKK1apRafbppMEKcdef',
                        'ppRaf']),
 'Shc(pmod, egfr)': set(['EGF_pEGFR_2_pShc']),
 'Src(tp7, pmod)': set(['pSrc_TP7'])}
{'binding-binding': {'EGFR(cbl_cin85, shc)': (frozenset(['independent',
                                                         'nullrequirement']),
                                              {('cbl_cin85', 'shc'): defaultdict(<type 'list'>, {(1, ''): ['reaction_113'], (0, ''): ['reaction_114']}),
                                               ('shc', 'cbl_cin85'): defaultdict(<type 'list'>, {(0, ''): ['reaction_5', '_reverse_reaction_7']})}),
                     'EGFR(epn, shc)': (frozenset(['independent',
                                                   'nullrequirement']),
                                        {('epn', 'shc'): defaultdict(<type 'list'>, {(1, ''): ['reaction_115'], (0, ''): ['reaction_116']}),
                                         ('shc', 'epn'): defaultdict(<type 'list'>, {(0, ''): ['reaction_5', '_reverse_reaction_7']})}),
                     'EGFR(grb2, shc)': (frozenset(['independent',
                                                    'nullrequirement']),
                                         {('grb2', 'shc'): defaultdict(<type 'list'>, {(1, ''): ['reaction_10', 'reaction_13', 'reaction_129'], (0, ''): ['reaction_16', 'reaction_18', 'reaction_130']}),
                                          ('shc', 'grb2'): defaultdict(<type 'list'>, {(0, ''): ['reaction_5', '_reverse_reaction_7']})}),
                     'EGFR(shc, ras)': (frozenset(['independent',
                                                   'nullrequirement']),
                                        {('ras', 'shc'): defaultdict(<type 'list'>, {(1, ''): ['reaction_14', 'reaction_149'], (0, ''): ['reaction_19', 'reaction_154']}),
                                         ('shc', 'ras'): defaultdict(<type 'list'>, {(0, ''): ['reaction_5', '_reverse_reaction_7']})}),
                     'EGFR(shc, rhogap)': (frozenset(['independent',
                                                      'nullrequirement']),
                                           {('rhogap', 'shc'): defaultdict(<type 'list'>, {(1, ''): ['reaction_90', 'reaction_197', 'reaction_201'], (0, ''): ['reaction_94', 'reaction_199', 'reaction_203']}),
                                            ('shc', 'rhogap'): defaultdict(<type 'list'>, {(0, ''): ['reaction_5', '_reverse_reaction_7']})}),
                     'EGFR(shc, rhogef)': (frozenset(['independent',
                                                      'nullrequirement']),
                                           {('rhogef', 'shc'): defaultdict(<type 'list'>, {(1, ''): ['reaction_88'], (0, ''): ['reaction_92']}),
                                            ('shc', 'rhogef'): defaultdict(<type 'list'>, {(0, ''): ['reaction_5', '_reverse_reaction_7']})}),
                     'EGFR(shp, grb2)': (frozenset(['independent',
                                                    'nullrequirement']),
                                         {('grb2', 'shp'): defaultdict(<type 'list'>, {(0, ''): ['reaction_10', 'reaction_13', 'reaction_16', 'reaction_18', 'reaction_129', 'reaction_130']}),
                                          ('shp', 'grb2'): defaultdict(<type 'list'>, {(1, ''): ['reaction_84', 'reaction_85'], (0, ''): ['reaction_3', 'reaction_96']})}),
                     'EGFR(shp, rasgap)': (frozenset(['independent',
                                                      'nullrequirement']),
                                           {('rasgap', 'shp'): defaultdict(<type 'list'>, {(0, ''): ['reaction_81']}),
                                            ('shp', 'rasgap'): defaultdict(<type 'list'>, {(1, ''): ['reaction_96'], (0, ''): ['reaction_3', 'reaction_84', 'reaction_85']})}),
                     'EGFR(shp, rhogap)': (frozenset(['independent',
                                                      'nullrequirement']),
                                           {('rhogap', 'shp'): defaultdict(<type 'list'>, {(1, ''): ['reaction_90', 'reaction_94'], (0, ''): ['reaction_197', 'reaction_199', 'reaction_201', 'reaction_203']}),
                                            ('shp', 'rhogap'): defaultdict(<type 'list'>, {(0, ''): ['reaction_3', 'reaction_84', 'reaction_85', 'reaction_96']})}),
                     'EGFR(shp, shc)': (frozenset(['independent',
                                                   'nullrequirement']),
                                        {('shc', 'shp'): defaultdict(<type 'list'>, {(0, ''): ['reaction_5', '_reverse_reaction_7']}),
                                         ('shp', 'shc'): defaultdict(<type 'list'>, {(1, ''): ['reaction_84'], (0, ''): ['reaction_3', 'reaction_85', 'reaction_96']})}),
                     'Grb2(mekk1abcdef, egfr)': (frozenset(['independent',
                                                            'nullrequirement']),
                                                 {('egfr', 'mekk1abcdef'): defaultdict(<type 'list'>, {(1, ''): ['reaction_129', 'reaction_130'], (0, ''): ['reaction_10', 'reaction_13', 'reaction_16', 'reaction_18']}),
                                                  ('mekk1abcdef', 'egfr'): defaultdict(<type 'list'>, {(0, ''): ['reaction_128']})}),
                     'Grb2(shc, mekk1abcdef)': (frozenset(['independent',
                                                           'nullrequirement']),
                                                {('mekk1abcdef', 'shc'): defaultdict(<type 'list'>, {(0, ''): ['reaction_128']}),
                                                 ('shc', 'mekk1abcdef'): defaultdict(<type 'list'>, {(1, ''): ['reaction_129'], (0, ''): ['reaction_10', 'reaction_13']})}),
                     'MEK(mekk1abcdef, erk)': (frozenset(['independent',
                                                          'nullrequirement']),
                                               {('erk', 'mekk1abcdef'): defaultdict(<type 'list'>, {(1, ''): ['reaction_159', 'reaction_163', 'reaction_181', 'reaction_185', 'reaction_189', 'reaction_193'], (0, ''): ['reaction_27', 'reaction_29']}),
                                                ('mekk1abcdef', 'erk'): defaultdict(<type 'list'>, {(0, ''): ['reaction_131', '_reverse_reaction_134', 'reaction_135', '_reverse_reaction_138', 'reaction_140', '_reverse_reaction_143', 'reaction_145', '_reverse_reaction_148', 'reaction_150', '_reverse_reaction_153', 'reaction_155', '_reverse_reaction_158', 'reaction_168', '_reverse_reaction_171', 'reaction_173', '_reverse_reaction_176']})}),
                     'MEK(raf, erk)': (frozenset(['independent',
                                                  'nullrequirement']),
                                       {('erk', 'raf'): defaultdict(<type 'list'>, {(1, ''): ['reaction_189', 'reaction_193'], (0, ''): ['reaction_27', 'reaction_29', 'reaction_159', 'reaction_163', 'reaction_181', 'reaction_185']}),
                                        ('raf', 'erk'): defaultdict(<type 'list'>, {(0, ''): ['reaction_23', 'reaction_25', 'reaction_140', '_reverse_reaction_143', 'reaction_145', '_reverse_reaction_148', 'reaction_168', '_reverse_reaction_171', 'reaction_173', '_reverse_reaction_176']})}),
                     'MEKK1abcdef(raf, erk)': (frozenset(['independent',
                                                          'nullrequirement']),
                                               {('erk', 'raf'): defaultdict(<type 'list'>, {(1, ''): ['reaction_189', 'reaction_193'], (0, ''): ['reaction_159', 'reaction_163', 'reaction_181', 'reaction_185']}),
                                                ('raf', 'erk'): defaultdict(<type 'list'>, {(0, ''): ['reaction_139', 'reaction_144', 'reaction_167', 'reaction_172', 'reaction_198', 'reaction_200']})}),
                     'Raf(mekk1abcdef, mek)': (frozenset(['independent',
                                                          'nullrequirement']),
                                               {('mek', 'mekk1abcdef'): defaultdict(<type 'list'>, {(1, ''): ['reaction_140', '_reverse_reaction_143', 'reaction_145', '_reverse_reaction_148', 'reaction_168', '_reverse_reaction_171', 'reaction_173', '_reverse_reaction_176'], (0, ''): ['reaction_23', 'reaction_25']}),
                                                ('mekk1abcdef', 'mek'): defaultdict(<type 'list'>, {(0, ''): ['reaction_139', 'reaction_144', 'reaction_167', 'reaction_172']})}),
                     'Shc(shp, egfr)': (frozenset(['independent',
                                                   'nullrequirement']),
                                        {('egfr', 'shp'): defaultdict(<type 'list'>, {(0, ''): ['reaction_5', '_reverse_reaction_7']}),
                                         ('shp', 'egfr'): defaultdict(<type 'list'>, {(1, ''): ['reaction_84'], (0, ''): ['reaction_8']})}),
                     'Shc(shp, grb2)': (frozenset(['independent',
                                                   'nullrequirement']),
                                        {('grb2', 'shp'): defaultdict(<type 'list'>, {(0, ''): ['reaction_10', 'reaction_13', 'reaction_129']}),
                                         ('shp', 'grb2'): defaultdict(<type 'list'>, {(1, ''): ['reaction_84'], (0, ''): ['reaction_8']})})},
 'modification-binding': {'EGFR(p2mod, ras)': (frozenset(['independent',
                                                          'nullrequirement']),
                                               {('p2mod', 'ras'): defaultdict(<type 'list'>, {(1, ''): ['reaction_160', 'reaction_164'], (0, ''): ['reaction_169', 'reaction_174', 'reaction_182', 'reaction_186']}),
                                                ('ras', 'p2mod'): defaultdict(<type 'list'>, {(0, '0'): ['reaction_14', 'reaction_19', 'reaction_149', 'reaction_154']})}),
                          'EGFR(p2mod, shc)': (frozenset(['independent',
                                                          'nullrequirement']),
                                               {('p2mod', 'shc'): defaultdict(<type 'list'>, {(1, ''): ['reaction_160', 'reaction_169', 'reaction_182'], (0, ''): ['reaction_164', 'reaction_174', 'reaction_186']}),
                                                ('shc', 'p2mod'): defaultdict(<type 'list'>, {(0, '0'): ['reaction_5', '_reverse_reaction_7']})}),
                          'EGFR(p3mod, ras)': (frozenset(['independent',
                                                          'nullrequirement']),
                                               {('p3mod', 'ras'): defaultdict(<type 'list'>, {(1, ''): ['reaction_161', 'reaction_165'], (0, ''): ['reaction_183', 'reaction_187']}),
                                                ('ras', 'p3mod'): defaultdict(<type 'list'>, {(0, '0'): ['reaction_14', 'reaction_19', 'reaction_149', 'reaction_154']})}),
                          'EGFR(p3mod, shc)': (frozenset(['independent',
                                                          'nullrequirement']),
                                               {('p3mod', 'shc'): defaultdict(<type 'list'>, {(1, ''): ['reaction_161', 'reaction_183'], (0, ''): ['reaction_165', 'reaction_187']}),
                                                ('shc', 'p3mod'): defaultdict(<type 'list'>, {(0, '0'): ['reaction_5', '_reverse_reaction_7']})}),
                          'ERK(p2mod, mekk1abcdef)': (frozenset(['independent',
                                                                 'nullrequirement']),
                                                      {('mekk1abcdef', 'p2mod'): defaultdict(<type 'list'>, {(0, '0'): ['reaction_159', 'reaction_163', 'reaction_181', 'reaction_185', 'reaction_189', 'reaction_193']}),
                                                       ('p2mod', 'mekk1abcdef'): defaultdict(<type 'list'>, {(1, ''): ['reaction_162', 'reaction_166', 'reaction_184', 'reaction_188', 'reaction_191', 'reaction_195'], (0, ''): ['reaction_30']})}),
                          'ERK(p2mod, mkp3)': (frozenset(['independent',
                                                          'nullrequirement']),
                                               {('mkp3', 'p2mod'): defaultdict(<type 'list'>, {(0, 'P'): ['reaction_37'], (0, '0'): ['reaction_39']}),
                                                ('p2mod', 'mkp3'): defaultdict(<type 'list'>, {(0, ''): ['reaction_30', 'reaction_162', 'reaction_166', 'reaction_184', 'reaction_188', 'reaction_191', 'reaction_195']})}),
                          'ERK(pmod, mek)': (frozenset(['independent',
                                                        'requirement']),
                                             {('mek', 'pmod'): defaultdict(<type 'list'>, {(0, '0'): ['reaction_27', 'reaction_159', 'reaction_163', 'reaction_181', 'reaction_185', 'reaction_189', 'reaction_193'], (0, 'P'): ['reaction_29']}),
                                              ('pmod', 'mek'): defaultdict(<type 'list'>, {(1, ''): ['reaction_28', 'reaction_162', 'reaction_166', 'reaction_184', 'reaction_188', 'reaction_190', 'reaction_194']})}),
                          'ERK(pmod, mekk1abcdef)': (frozenset(['independent',
                                                                'nullrequirement']),
                                                     {('mekk1abcdef', 'pmod'): defaultdict(<type 'list'>, {(0, '0'): ['reaction_159', 'reaction_163', 'reaction_181', 'reaction_185', 'reaction_189', 'reaction_193']}),
                                                      ('pmod', 'mekk1abcdef'): defaultdict(<type 'list'>, {(1, ''): ['reaction_162', 'reaction_166', 'reaction_184', 'reaction_188', 'reaction_190', 'reaction_194'], (0, ''): ['reaction_28']})}),
                          'MEK(p2mod, pp2a)': (frozenset(['independent',
                                                          'nullrequirement']),
                                               {('p2mod', 'pp2a'): defaultdict(<type 'list'>, {(0, ''): ['reaction_26', 'reaction_133', 'reaction_137', 'reaction_142', 'reaction_147', 'reaction_152', 'reaction_157', 'reaction_170', 'reaction_175']}),
                                                ('pp2a', 'p2mod'): defaultdict(<type 'list'>, {(0, 'P'): ['reaction_33'], (0, '0'): ['reaction_35']})}),
                          'PIP3(pten, PIP2mod)': (frozenset(['independent',
                                                             'nullrequirement']),
                                                  {('PIP2mod', 'pten'): defaultdict(<type 'list'>, {(1, ''): ['reaction_67'], (0, ''): ['reaction_69']}),
                                                   ('pten', 'PIP2mod'): defaultdict(<type 'list'>, {(0, '0'): ['reaction_66']})}),
                          'Raf(pmod, ras)': (frozenset(['independent',
                                                        'nullrequirement']),
                                             {('pmod', 'ras'): defaultdict(<type 'list'>, {(1, ''): ['reaction_22'], (0, ''): ['reaction_170', 'reaction_175']}),
                                              ('ras', 'pmod'): defaultdict(<type 'list'>, {(0, '0'): ['reaction_21']})}),
                          'Ras(GDPmod, egfr)': (frozenset(['independent',
                                                           'nullrequirement']),
                                                {('GDPmod', 'egfr'): defaultdict(<type 'list'>, {(0, ''): ['reaction_41', 'reaction_43', 'reaction_83']}),
                                                 ('egfr', 'GDPmod'): defaultdict(<type 'list'>, {(0, '0'): ['reaction_149', 'reaction_154'], (0, 'GDP'): ['reaction_14', 'reaction_19']})}),
                          'Ras(GDPmod, rasgap)': (frozenset(['independent',
                                                             'nullrequirement']),
                                                  {('GDPmod', 'rasgap'): defaultdict(<type 'list'>, {(1, ''): ['reaction_43', 'reaction_83'], (0, ''): ['reaction_41']}),
                                                   ('rasgap', 'GDPmod'): defaultdict(<type 'list'>, {(0, '0'): ['reaction_42', 'reaction_82']})}),
                          'Ras(GTPmod, egfr)': (frozenset(['independent',
                                                           'requirement']),
                                                {('GTPmod', 'egfr'): defaultdict(<type 'list'>, {(1, ''): ['reaction_15', 'reaction_20']}),
                                                 ('egfr', 'GTPmod'): defaultdict(<type 'list'>, {(0, '0'): ['reaction_14', 'reaction_19'], (0, 'GTP'): ['reaction_149', 'reaction_154']})}),
                          'Shc(pmod, egfr)': (frozenset(['independent',
                                                         'requirement']),
                                              {('egfr', 'pmod'): defaultdict(<type 'list'>, {(0, '0'): ['reaction_5'], (0, 'P'): ['_reverse_reaction_7']}),
                                               ('pmod', 'egfr'): defaultdict(<type 'list'>, {(1, ''): ['reaction_6']})}),
                          'Src(tp7, pmod)': (frozenset(['independent',
                                                        'nullrequirement']),
                                             {('pmod', 'tp7'): defaultdict(<type 'list'>, {(0, ''): ['reaction_108']}),
                                              ('tp7', 'pmod'): defaultdict(<type 'list'>, {(0, 'P'): ['reaction_110'], (0, '0'): ['_reverse_reaction_112']})})},
 'modification-modification': {'ERK(pmod, p2mod)': (frozenset(['independent',
                                                               'nullrequirement']),
                                                    {('p2mod', 'pmod'): defaultdict(<type 'list'>, {(0, 'P'): ['reaction_30', 'reaction_191', 'reaction_195'], (0, '0'): ['reaction_162', 'reaction_166', 'reaction_184', 'reaction_188']}),
                                                     ('pmod', 'p2mod'): defaultdict(<type 'list'>, {(0, '0'): ['reaction_28', 'reaction_162', 'reaction_166', 'reaction_184', 'reaction_188', 'reaction_190', 'reaction_194']})})}}
