{'ERK(_Pmod, mek)': set(['ERK_P_MEK_PP']),
 'MEK(raf, _Pmod)': set(['MEK_P_Rafm']),
 'SHP2(mmod, jak)': set(['__IL6_gp80_gp130_JAK__2m_SHP2m']),
 'STAT1(mmod, jak)': set(['__IFN_R_JAK__2m_STAT1Cm',
                          '__IL6_gp80_gp130_JAK__2m_STAT1m']),
 'STAT1(mmod, stat1)': set(['__IFN_R_JAK__2m_STAT1Cm',
                            '__IL6_gp80_gp130_JAK__2m_STAT1m']),
 'STAT3(Cmod, mmod)': set(['__IFN_R_JAK__2m_STAT3Cm',
                           '__IL6_gp80_gp130_JAK__2m_STAT3Cm']),
 'STAT3(mmod, Nmod)': set(['__IFN_R_JAK__2m_STAT3Cm',
                           '__IL6_gp80_gp130_JAK__2m_STAT3Cm'])}
{'binding-binding': {'JAK(gp130, shp2)': (frozenset(['independent',
                                                     'nullrequirement']),
                                          {('gp130', 'shp2'): defaultdict(<type 'list'>, {(0, ''): ['re160']}),
                                           ('shp2', 'gp130'): defaultdict(<type 'list'>, {(1, ''): ['re138', '_reverse_reaction_37', '_reverse_reaction_42', '_reverse_reaction_44'], (0, ''): ['reaction_110', 'reaction_86']})}),
                     'JAK(gp130, stat1)': (frozenset(['independent',
                                                      'nullrequirement']),
                                           {('gp130', 'stat1'): defaultdict(<type 'list'>, {(0, ''): ['re160']}),
                                            ('stat1', 'gp130'): defaultdict(<type 'list'>, {(1, ''): ['re157', 're159', 'reaction_67'], (0, ''): ['reaction_107', 'reaction_82', 'reaction_84', 'reaction_2']})}),
                     'JAK(ifn, shp2)': (frozenset(['independent',
                                                   'nullrequirement']),
                                        {('ifn', 'shp2'): defaultdict(<type 'list'>, {(0, ''): ['_reverse_re135', 'reaction_80']}),
                                         ('shp2', 'ifn'): defaultdict(<type 'list'>, {(1, ''): ['reaction_110', 'reaction_86'], (0, ''): ['re138', '_reverse_reaction_37', '_reverse_reaction_42', '_reverse_reaction_44']})}),
                     'JAK(ifn, stat1)': (frozenset(['independent',
                                                    'nullrequirement']),
                                         {('ifn', 'stat1'): defaultdict(<type 'list'>, {(0, ''): ['_reverse_re135', 'reaction_80']}),
                                          ('stat1', 'ifn'): defaultdict(<type 'list'>, {(1, ''): ['reaction_107', 'reaction_82', 'reaction_84', 'reaction_2'], (0, ''): ['re157', 're159', 'reaction_67']})}),
                     'JAK(ifn, stat3)': (frozenset(['independent',
                                                    'nullrequirement']),
                                         {('ifn', 'stat3'): defaultdict(<type 'list'>, {(0, ''): ['_reverse_re135', 'reaction_80']}),
                                          ('stat3', 'ifn'): defaultdict(<type 'list'>, {(1, ''): ['re112', 're114', 'reaction_10'], (0, ''): ['reaction_8', 'reaction_4', 'reaction_68']})}),
                     'JAK(il6, shp2)': (frozenset(['independent',
                                                   'nullrequirement']),
                                        {('il6', 'shp2'): defaultdict(<type 'list'>, {(0, ''): ['_reverse_re160', 'reaction_3']}),
                                         ('shp2', 'il6'): defaultdict(<type 'list'>, {(1, ''): ['re138', '_reverse_reaction_37', '_reverse_reaction_42', '_reverse_reaction_44'], (0, ''): ['reaction_110', 'reaction_86']})}),
                     'JAK(il6, stat1)': (frozenset(['independent',
                                                    'nullrequirement']),
                                         {('il6', 'stat1'): defaultdict(<type 'list'>, {(0, ''): ['_reverse_re160', 'reaction_3']}),
                                          ('stat1', 'il6'): defaultdict(<type 'list'>, {(1, ''): ['re157', 're159', 'reaction_67'], (0, ''): ['reaction_107', 'reaction_82', 'reaction_84', 'reaction_2']})}),
                     'JAK(il6, stat3)': (frozenset(['independent',
                                                    'nullrequirement']),
                                         {('il6', 'stat3'): defaultdict(<type 'list'>, {(0, ''): ['_reverse_re160', 'reaction_3']}),
                                          ('stat3', 'il6'): defaultdict(<type 'list'>, {(1, ''): ['reaction_8', 'reaction_4', 'reaction_68'], (0, ''): ['re112', 're114', 'reaction_10']})}),
                     'JAK(r, shp2)': (frozenset(['independent',
                                                 'nullrequirement']),
                                      {('r', 'shp2'): defaultdict(<type 'list'>, {(0, ''): ['re135']}),
                                       ('shp2', 'r'): defaultdict(<type 'list'>, {(1, ''): ['reaction_110', 'reaction_86'], (0, ''): ['re138', '_reverse_reaction_37', '_reverse_reaction_42', '_reverse_reaction_44']})}),
                     'JAK(r, stat1)': (frozenset(['independent',
                                                  'nullrequirement']),
                                       {('r', 'stat1'): defaultdict(<type 'list'>, {(0, ''): ['re135']}),
                                        ('stat1', 'r'): defaultdict(<type 'list'>, {(1, ''): ['reaction_107', 'reaction_82', 'reaction_84', 'reaction_2'], (0, ''): ['re157', 're159', 'reaction_67']})}),
                     'JAK(r, stat3)': (frozenset(['independent',
                                                  'nullrequirement']),
                                       {('r', 'stat3'): defaultdict(<type 'list'>, {(0, ''): ['re135']}),
                                        ('stat3', 'r'): defaultdict(<type 'list'>, {(1, ''): ['re112', 're114', 'reaction_10'], (0, ''): ['reaction_8', 'reaction_4', 'reaction_68']})}),
                     'JAK(stat1, shp2)': (frozenset(['independent',
                                                     'nullrequirement']),
                                          {('shp2', 'stat1'): defaultdict(<type 'list'>, {(1, ''): ['reaction_110'], (0, ''): ['re138', '_reverse_reaction_37', '_reverse_reaction_42', '_reverse_reaction_44', 'reaction_86']}),
                                           ('stat1', 'shp2'): defaultdict(<type 'list'>, {(0, ''): ['reaction_107', 'reaction_82', 'reaction_84', 're157', 're159', 'reaction_2', 'reaction_67']})}),
                     'JAK(stat3, gp130)': (frozenset(['independent',
                                                      'nullrequirement']),
                                           {('gp130', 'stat3'): defaultdict(<type 'list'>, {(0, ''): ['re160']}),
                                            ('stat3', 'gp130'): defaultdict(<type 'list'>, {(1, ''): ['reaction_8', 'reaction_4', 'reaction_68'], (0, ''): ['re112', 're114', 'reaction_10']})}),
                     'STAT1(pp1, stat1)': (frozenset(['independent',
                                                      'nullrequirement']),
                                           {('pp1', 'stat1'): defaultdict(<type 'list'>, {(1, ''): ['re142'], (0, ''): ['re140', 're153']}),
                                            ('stat1', 'pp1'): defaultdict(<type 'list'>, {(0, ''): ['reaction_90', 'reaction_103', 'reaction_106', 'reaction_85']})}),
                     'STAT1(pp1, stat3)': (frozenset(['independent',
                                                      'nullrequirement']),
                                           {('pp1', 'stat3'): defaultdict(<type 'list'>, {(1, ''): ['re153'], (0, ''): ['re140', 're142']}),
                                            ('stat3', 'pp1'): defaultdict(<type 'list'>, {(0, ''): ['re115', 're121', 'reaction_2', 'reaction_10', 'reaction_67', 'reaction_68']})}),
                     'STAT1(pp2, stat1)': (frozenset(['independent',
                                                      'nullrequirement']),
                                           {('pp2', 'stat1'): defaultdict(<type 'list'>, {(1, ''): ['re147'], (0, ''): ['re144', 're126']}),
                                            ('stat1', 'pp2'): defaultdict(<type 'list'>, {(0, ''): ['reaction_90', 'reaction_103', 'reaction_106', 'reaction_85']})}),
                     'STAT1(pp2, stat3)': (frozenset(['independent',
                                                      'nullrequirement']),
                                           {('pp2', 'stat3'): defaultdict(<type 'list'>, {(1, ''): ['re126'], (0, ''): ['re144', 're147']}),
                                            ('stat3', 'pp2'): defaultdict(<type 'list'>, {(0, ''): ['re115', 're121', 'reaction_2', 'reaction_10', 'reaction_67', 'reaction_68']})}),
                     'STAT1(stat3, jak)': (frozenset(['independent',
                                                      'nullrequirement']),
                                           {('jak', 'stat3'): defaultdict(<type 'list'>, {(0, ''): ['reaction_107', 'reaction_82', 'reaction_84', 're157', 're159', 'reaction_2', 'reaction_67']}),
                                            ('stat3', 'jak'): defaultdict(<type 'list'>, {(1, ''): ['reaction_10', 'reaction_68'], (0, ''): ['re115', 're121', 'reaction_2', 'reaction_67']})}),
                     'STAT3(jak, stat1)': (frozenset(['independent',
                                                      'nullrequirement']),
                                           {('jak', 'stat1'): defaultdict(<type 'list'>, {(0, ''): ['reaction_8', 'reaction_4', 're112', 're114', 'reaction_10', 'reaction_68']}),
                                            ('stat1', 'jak'): defaultdict(<type 'list'>, {(1, ''): ['reaction_2', 'reaction_67'], (0, ''): ['re115', 're121', 'reaction_10', 'reaction_68']})}),
                     'STAT3(pp1, stat1)': (frozenset(['independent',
                                                      'nullrequirement']),
                                           {('pp1', 'stat1'): defaultdict(<type 'list'>, {(1, ''): ['re153'], (0, ''): ['reaction_12', 'reaction_13']}),
                                            ('stat1', 'pp1'): defaultdict(<type 'list'>, {(0, ''): ['re115', 're121', 'reaction_2', 'reaction_10', 'reaction_67', 'reaction_68']})}),
                     'STAT3(pp1, stat3)': (frozenset(['independent',
                                                      'nullrequirement']),
                                           {('pp1', 'stat3'): defaultdict(<type 'list'>, {(1, ''): ['reaction_13'], (0, ''): ['reaction_12', 're153']}),
                                            ('stat3', 'pp1'): defaultdict(<type 'list'>, {(0, ''): ['reaction_9', 'reaction_16', '_reverse_reaction_65', '_reverse_reaction_66']})}),
                     'STAT3(pp2, stat1)': (frozenset(['independent',
                                                      'nullrequirement']),
                                           {('pp2', 'stat1'): defaultdict(<type 'list'>, {(1, ''): ['re126'], (0, ''): ['reaction_19', 'reaction_18']}),
                                            ('stat1', 'pp2'): defaultdict(<type 'list'>, {(0, ''): ['re115', 're121', 'reaction_2', 'reaction_10', 'reaction_67', 'reaction_68']})}),
                     'STAT3(pp2, stat3)': (frozenset(['independent',
                                                      'nullrequirement']),
                                           {('pp2', 'stat3'): defaultdict(<type 'list'>, {(1, ''): ['reaction_18'], (0, ''): ['reaction_19', 're126']}),
                                            ('stat3', 'pp2'): defaultdict(<type 'list'>, {(0, ''): ['reaction_9', 'reaction_16', '_reverse_reaction_65', '_reverse_reaction_66']})})},
 'modification-binding': {'ERK(Pmod, pp2)': (frozenset(['independent',
                                                        'nullrequirement']),
                                             {('Pmod', 'pp2'): defaultdict(<type 'list'>, {(0, ''): ['reaction_60']}),
                                              ('pp2', 'Pmod'): defaultdict(<type 'list'>, {(0, 'P'): ['reaction_64'], (0, '0'): ['reaction_62']})}),
                          'ERK(_Pmod, mek)': (frozenset(['independent',
                                                         'requirement']),
                                              {('_Pmod', 'mek'): defaultdict(<type 'list'>, {(1, ''): ['reaction_58']}),
                                               ('mek', '_Pmod'): defaultdict(<type 'list'>, {(0, '0'): ['reaction_57'], (0, '_P'): ['reaction_59']})}),
                          'JAK(ifn, mmod)': (frozenset(['independent',
                                                        'nullrequirement']),
                                             {('ifn', 'mmod'): defaultdict(<type 'list'>, {(0, '0'): ['_reverse_re135', 'reaction_80']}),
                                              ('mmod', 'ifn'): defaultdict(<type 'list'>, {(1, ''): ['reaction_81'], (0, ''): ['reaction_6']})}),
                          'JAK(il6, mmod)': (frozenset(['independent',
                                                        'nullrequirement']),
                                             {('il6', 'mmod'): defaultdict(<type 'list'>, {(0, '0'): ['_reverse_re160', 'reaction_3']}),
                                              ('mmod', 'il6'): defaultdict(<type 'list'>, {(1, ''): ['reaction_6'], (0, ''): ['reaction_81']})}),
                          'JAK(mmod, gp130)': (frozenset(['independent',
                                                          'nullrequirement']),
                                               {('gp130', 'mmod'): defaultdict(<type 'list'>, {(0, '0'): ['re160']}),
                                                ('mmod', 'gp130'): defaultdict(<type 'list'>, {(1, ''): ['reaction_6'], (0, ''): ['reaction_81']})}),
                          'JAK(r, mmod)': (frozenset(['independent',
                                                      'nullrequirement']),
                                           {('mmod', 'r'): defaultdict(<type 'list'>, {(1, ''): ['reaction_81'], (0, ''): ['reaction_6']}),
                                            ('r', 'mmod'): defaultdict(<type 'list'>, {(0, '0'): ['re135']})}),
                          'MEK(Pmod, pp2)': (frozenset(['independent',
                                                        'nullrequirement']),
                                             {('Pmod', 'pp2'): defaultdict(<type 'list'>, {(0, ''): ['reaction_52']}),
                                              ('pp2', 'Pmod'): defaultdict(<type 'list'>, {(0, 'P'): ['reaction_53'], (0, '0'): ['reaction_55']})}),
                          'MEK(raf, _Pmod)': (frozenset(['independent',
                                                         'requirement']),
                                              {('_Pmod', 'raf'): defaultdict(<type 'list'>, {(1, ''): ['reaction_50']}),
                                               ('raf', '_Pmod'): defaultdict(<type 'list'>, {(0, '0'): ['reaction_49'], (0, '_P'): ['reaction_51']})}),
                          'Raf(mmod, ras)': (frozenset(['independent',
                                                        'requirement']),
                                             {('mmod', 'ras'): defaultdict(<type 'list'>, {(1, ''): ['reaction_34']}),
                                              ('ras', 'mmod'): defaultdict(<type 'list'>, {(0, '0'): ['reaction_33'], (0, 'M'): ['_reverse_reaction_34']})}),
                          'SHP2(mmod, jak)': (frozenset(['independent',
                                                         'requirement']),
                                              {('jak', 'mmod'): defaultdict(<type 'list'>, {(0, '0'): ['re138', 'reaction_110', 'reaction_86'], (0, 'M'): ['_reverse_reaction_37', '_reverse_reaction_42', '_reverse_reaction_44']}),
                                               ('mmod', 'jak'): defaultdict(<type 'list'>, {(1, ''): ['reaction_39']})}),
                          'STAT1(Cmod, stat1)': (frozenset(['independent',
                                                            'nullrequirement']),
                                                 {('Cmod', 'stat1'): defaultdict(<type 'list'>, {(0, ''): ['reaction_94']}),
                                                  ('stat1', 'Cmod'): defaultdict(<type 'list'>, {(0, '0'): ['reaction_103', 'reaction_106'], (0, 'C'): ['reaction_90', 'reaction_85']})}),
                          'STAT1(Cmod, stat3)': (frozenset(['independent',
                                                            'nullrequirement']),
                                                 {('Cmod', 'stat3'): defaultdict(<type 'list'>, {(0, ''): ['reaction_94']}),
                                                  ('stat3', 'Cmod'): defaultdict(<type 'list'>, {(0, '0'): ['re121'], (0, 'C'): ['re115', 'reaction_2', 'reaction_10', 'reaction_67', 'reaction_68']})}),
                          'STAT1(mmod, jak)': (frozenset(['independent',
                                                          'requirement']),
                                               {('jak', 'mmod'): defaultdict(<type 'list'>, {(0, '0'): ['reaction_107', 'reaction_82', 're157', 'reaction_2', 'reaction_67'], (0, 'M'): ['reaction_84', 're159']}),
                                                ('mmod', 'jak'): defaultdict(<type 'list'>, {(1, ''): ['reaction_83', 're158', 'reaction_11', 'reaction_69']})}),
                          'STAT1(mmod, stat1)': (frozenset(['independent',
                                                            'nullrequirement']),
                                                 {('mmod', 'stat1'): defaultdict(<type 'list'>, {(0, ''): ['reaction_83', 're158', 'reaction_11', 'reaction_69']}),
                                                  ('stat1', 'mmod'): defaultdict(<type 'list'>, {(0, '0'): ['reaction_90', 'reaction_106'], (0, 'M'): ['reaction_90', 'reaction_103', 'reaction_106', 'reaction_85']})}),
                          'STAT3(Cmod, stat1)': (frozenset(['independent',
                                                            'nullrequirement']),
                                                 {('Cmod', 'stat1'): defaultdict(<type 'list'>, {(0, ''): ['reaction_22']}),
                                                  ('stat1', 'Cmod'): defaultdict(<type 'list'>, {(0, '0'): ['re121'], (0, 'C'): ['re115', 'reaction_2', 'reaction_10', 'reaction_67', 'reaction_68']})}),
                          'STAT3(Cmod, stat3)': (frozenset(['independent',
                                                            'nullrequirement']),
                                                 {('Cmod', 'stat3'): defaultdict(<type 'list'>, {(0, ''): ['reaction_22']}),
                                                  ('stat3', 'Cmod'): defaultdict(<type 'list'>, {(0, '0'): ['_reverse_reaction_65', '_reverse_reaction_66'], (0, 'C'): ['reaction_9', 'reaction_16']})})},
 'modification-modification': {'STAT3(Cmod, mmod)': (frozenset(['independent',
                                                                'nullrequirement']),
                                                     {('Cmod', 'mmod'): defaultdict(<type 'list'>, {(0, '0'): ['reaction_22']}),
                                                      ('mmod', 'Cmod'): defaultdict(<type 'list'>, {(0, '0'): ['reaction_66'], (0, 'C'): ['reaction_7', 're113', 'reaction_41', 'reaction_70']})}),
                               'STAT3(mmod, Nmod)': (frozenset(['independent',
                                                                'requirement']),
                                                     {('Nmod', 'mmod'): defaultdict(<type 'list'>, {(0, 'M'): ['reaction_17', 're117']}),
                                                      ('mmod', 'Nmod'): defaultdict(<type 'list'>, {(0, '0'): ['reaction_7', 're113', 'reaction_41', 'reaction_70'], (0, 'N'): ['reaction_66']})})}}
