{'EGF(egfr, imod)': set(['EGF_EGFRi']),
 'ERK(Pmod, imod)': set(['ERKi_P']),
 'ERK(_Pmod, imod)': set(['ERK_P_MEK_PP',
                          'ERKi_P',
                          'ERKi_PP',
                          'ERKi_P_MEKi_PP']),
 'ERK(_Pmod, mek)': set(['ERK_P_MEK_PP', 'ERKi_PP', 'ERKi_P_MEKi_PP']),
 'ERK(mek, imod)': set(['ERKi_P']),
 'ERK(phosphotase3, imod)': set(['ERKi_P']),
 'MEK(_Pmod, imod)': set(['MEK_PP', 'MEK_P_Rafm', 'MEKi_P']),
 'MEK(raf, _Pmod)': set(['MEK_PP', 'MEK_P_Rafm', 'MEKi_P']),
 'Raf(mek, imod)': set(['Rafi_Rasi_GTP', 'Rafim']),
 'Raf(mmod, imod)': set(['Rafi_Rasi_GTP', 'Rafim', 'Rafim_Pase']),
 'Raf(mmod, ras)': set(['Rafi_Rasi_GTP', 'Rafim_Pase']),
 'Raf(phosphotase1, imod)': set(['Rafi_Rasi_GTP', 'Rafim']),
 'Raf(ras, imod)': set(['Rafi_Rasi_GTP', 'Rafim'])}
{'binding-binding': {'EGFR(grb2, prot)': (frozenset(['independent',
                                                     'nullrequirement']),
                                          {('grb2', 'prot'): defaultdict(<type 'list'>, {(0, ''): ['v16', '_reverse_v34', 'v63', '_reverse_v80']}),
                                           ('prot', 'grb2'): defaultdict(<type 'list'>, {(1, ''): ['v4', '_reverse_v5', 'v106', '_reverse_v107', 'v109', '_reverse_v110', 'v112', '_reverse_v113'], (0, ''): ['v115', '_reverse_v116', 'v118', '_reverse_v119', 'v121', '_reverse_v122', 'v124', '_reverse_v125']})}),
                     'EGFR(prot, shc)': (frozenset(['independent',
                                                    'nullrequirement']),
                                         {('prot', 'shc'): defaultdict(<type 'list'>, {(1, ''): ['v115', '_reverse_v116', 'v118', '_reverse_v119', 'v121', '_reverse_v122', 'v124', '_reverse_v125'], (0, ''): ['v4', '_reverse_v5', 'v106', '_reverse_v107', 'v109', '_reverse_v110', 'v112', '_reverse_v113']}),
                                          ('shc', 'prot'): defaultdict(<type 'list'>, {(0, ''): ['v22', '_reverse_v32', '_reverse_v37', '_reverse_v39', 'v69', '_reverse_v79', '_reverse_v81', '_reverse_v82']})})},
 'modification-binding': {'EGF(egfr, imod)': (frozenset(['independent',
                                                         'requirement']),
                                              {('egfr', 'imod'): defaultdict(<type 'list'>, {(0, '0'): ['v1'], (0, 'I'): ['v10']}),
                                               ('imod', 'egfr'): defaultdict(<type 'list'>, {(1, ''): ['_reverse_v10']})}),
                          'EGFR(egf, degmod)': (frozenset(['independent',
                                                           'nullrequirement']),
                                                {('degmod', 'egf'): defaultdict(<type 'list'>, {(1, ''): ['v62'], (0, ''): ['v60']}),
                                                 ('egf', 'degmod'): defaultdict(<type 'list'>, {(0, '0'): ['v1', 'v10']})}),
                          'EGFR(egfr, degmod)': (frozenset(['independent',
                                                            'nullrequirement']),
                                                 {('degmod', 'egfr'): defaultdict(<type 'list'>, {(1, ''): ['v62'], (0, ''): ['v60']}),
                                                  ('egfr', 'degmod'): defaultdict(<type 'list'>, {(0, '0'): ['v2', 'v11']})}),
                          'ERK(Pmod, phosphotase3)': (frozenset(['independent',
                                                                 'nullrequirement']),
                                                      {('Pmod', 'phosphotase3'): defaultdict(<type 'list'>, {(0, ''): ['v55', 'v97']}),
                                                       ('phosphotase3', 'Pmod'): defaultdict(<type 'list'>, {(0, 'P'): ['v56', 'v98'], (0, '0'): ['v58', 'v100']})}),
                          'ERK(_Pmod, mek)': (frozenset(['independent',
                                                         'requirement']),
                                              {('_Pmod', 'mek'): defaultdict(<type 'list'>, {(1, ''): ['v53', 'v95']}),
                                               ('mek', '_Pmod'): defaultdict(<type 'list'>, {(0, '0'): ['v52', 'v94'], (0, '_P'): ['v54', 'v96']})}),
                          'ERK(mek, imod)': (frozenset(['independent',
                                                        'nullrequirement']),
                                             {('imod', 'mek'): defaultdict(<type 'list'>, {(0, ''): ['v94']}),
                                              ('mek', 'imod'): defaultdict(<type 'list'>, {(0, '0'): ['v52', 'v54', 'v94'], (0, 'I'): ['v96']})}),
                          'ERK(phosphotase3, imod)': (frozenset(['independent',
                                                                 'nullrequirement']),
                                                      {('imod', 'phosphotase3'): defaultdict(<type 'list'>, {(0, ''): ['v94']}),
                                                       ('phosphotase3', 'imod'): defaultdict(<type 'list'>, {(0, '0'): ['v56', 'v58'], (0, 'I'): ['v98', 'v100']})}),
                          'MEK(Pmod, phosphatase2)': (frozenset(['independent',
                                                                 'nullrequirement']),
                                                      {('Pmod', 'phosphatase2'): defaultdict(<type 'list'>, {(0, ''): ['v47', 'v89']}),
                                                       ('phosphatase2', 'Pmod'): defaultdict(<type 'list'>, {(0, 'P'): ['v48', 'v90'], (0, '0'): ['v50', 'v92']})}),
                          'MEK(imod, erk)': (frozenset(['independent',
                                                        'nullrequirement']),
                                             {('erk', 'imod'): defaultdict(<type 'list'>, {(0, '0'): ['v52', 'v54'], (0, 'I'): ['v94', 'v96']}),
                                              ('imod', 'erk'): defaultdict(<type 'list'>, {(0, ''): ['v86']})}),
                          'MEK(phosphatase2, imod)': (frozenset(['independent',
                                                                 'nullrequirement']),
                                                      {('imod', 'phosphatase2'): defaultdict(<type 'list'>, {(0, ''): ['v86']}),
                                                       ('phosphatase2', 'imod'): defaultdict(<type 'list'>, {(0, '0'): ['v48', 'v50'], (0, 'I'): ['v90', 'v92']})}),
                          'MEK(raf, _Pmod)': (frozenset(['independent',
                                                         'requirement']),
                                              {('_Pmod', 'raf'): defaultdict(<type 'list'>, {(1, ''): ['v45', 'v87']}),
                                               ('raf', '_Pmod'): defaultdict(<type 'list'>, {(0, '0'): ['v44', 'v86'], (0, '_P'): ['v46', 'v88']})}),
                          'MEK(raf, imod)': (frozenset(['independent',
                                                        'nullrequirement']),
                                             {('imod', 'raf'): defaultdict(<type 'list'>, {(0, ''): ['v86']}),
                                              ('raf', 'imod'): defaultdict(<type 'list'>, {(0, '0'): ['v44', 'v46', 'v86'], (0, 'I'): ['v88']})}),
                          'Raf(mek, imod)': (frozenset(['independent',
                                                        'nullrequirement']),
                                             {('imod', 'mek'): defaultdict(<type 'list'>, {(0, ''): ['v75']}),
                                              ('mek', 'imod'): defaultdict(<type 'list'>, {(0, '0'): ['v44', 'v46'], (0, 'I'): ['v86', 'v88']})}),
                          'Raf(mmod, ras)': (frozenset(['independent',
                                                        'requirement']),
                                             {('mmod', 'ras'): defaultdict(<type 'list'>, {(1, ''): ['v29', 'v76']}),
                                              ('ras', 'mmod'): defaultdict(<type 'list'>, {(0, '0'): ['v28', 'v75'], (0, 'M'): ['_reverse_v29', '_reverse_v76']})}),
                          'Raf(phosphotase1, imod)': (frozenset(['independent',
                                                                 'nullrequirement']),
                                                      {('imod', 'phosphotase1'): defaultdict(<type 'list'>, {(0, ''): ['v75']}),
                                                       ('phosphotase1', 'imod'): defaultdict(<type 'list'>, {(0, '0'): ['v42'], (0, 'I'): ['v84']})}),
                          'Raf(ras, imod)': (frozenset(['independent',
                                                        'nullrequirement']),
                                             {('imod', 'ras'): defaultdict(<type 'list'>, {(0, ''): ['v75']}),
                                              ('ras', 'imod'): defaultdict(<type 'list'>, {(0, '0'): ['v28', '_reverse_v29', 'v75'], (0, 'I'): ['_reverse_v76']})}),
                          'Ras(Ras_GTPmod, gap)': (frozenset(['independent',
                                                              'nullrequirement']),
                                                   {('Ras_GTPmod', 'gap'): defaultdict(<type 'list'>, {(0, ''): ['v19', '_reverse_v21', 'v27', '_reverse_v31', 'v66', '_reverse_v68', 'v74', '_reverse_v78']}),
                                                    ('gap', 'Ras_GTPmod'): defaultdict(<type 'list'>, {(0, '0'): ['_reverse_v21', '_reverse_v31', '_reverse_v68', '_reverse_v78'], (0, 'Ras_GTP'): ['v20', 'v30', 'v67', 'v77']})}),
                          'Ras(raf, imod)': (frozenset(['independent',
                                                        'nullrequirement']),
                                             {('imod', 'raf'): defaultdict(<type 'list'>, {(0, ''): ['v66', '_reverse_v67', 'v74', '_reverse_v77']}),
                                              ('raf', 'imod'): defaultdict(<type 'list'>, {(0, '0'): ['v28', '_reverse_v29'], (0, 'I'): ['v75', '_reverse_v76']})}),
                          'Ras(sos, Ras_GDPmod)': (frozenset(['independent',
                                                              'nullrequirement']),
                                                   {('Ras_GDPmod', 'sos'): defaultdict(<type 'list'>, {(0, ''): ['_reverse_v19', 'v21', '_reverse_v27', 'v31', '_reverse_v66', 'v68', '_reverse_v74', 'v78']}),
                                                    ('sos', 'Ras_GDPmod'): defaultdict(<type 'list'>, {(0, '0'): ['_reverse_v19', '_reverse_v27', '_reverse_v66', '_reverse_v74'], (0, 'Ras_GDP'): ['v18', 'v26', 'v65', 'v73']})})},
 'modification-modification': {'EGFR(mmod, degmod)': (frozenset(['independent',
                                                                 'nullrequirement']),
                                                      {('degmod', 'mmod'): defaultdict(<type 'list'>, {(0, '0'): ['v60'], (0, 'M'): ['v62']}),
                                                       ('mmod', 'degmod'): defaultdict(<type 'list'>, {(0, '0'): ['v3', 'v12']})}),
                               'ERK(Pmod, imod)': (frozenset(['independent',
                                                              'nullrequirement']),
                                                   {('Pmod', 'imod'): defaultdict(<type 'list'>, {(0, '0'): ['v55'], (0, 'I'): ['v97']}),
                                                    ('imod', 'Pmod'): defaultdict(<type 'list'>, {(0, '0'): ['v94']})}),
                               'ERK(_Pmod, imod)': (frozenset(['independent',
                                                               'nullrequirement']),
                                                    {('_Pmod', 'imod'): defaultdict(<type 'list'>, {(0, '0'): ['v53'], (0, 'I'): ['v95']}),
                                                     ('imod', '_Pmod'): defaultdict(<type 'list'>, {(0, '0'): ['v94']})}),
                               'MEK(Pmod, imod)': (frozenset(['independent',
                                                              'nullrequirement']),
                                                   {('Pmod', 'imod'): defaultdict(<type 'list'>, {(0, '0'): ['v47'], (0, 'I'): ['v89']}),
                                                    ('imod', 'Pmod'): defaultdict(<type 'list'>, {(0, '0'): ['v86']})}),
                               'MEK(_Pmod, imod)': (frozenset(['independent',
                                                               'nullrequirement']),
                                                    {('_Pmod', 'imod'): defaultdict(<type 'list'>, {(0, '0'): ['v45'], (0, 'I'): ['v87']}),
                                                     ('imod', '_Pmod'): defaultdict(<type 'list'>, {(0, '0'): ['v86']})}),
                               'Raf(mmod, imod)': (frozenset(['independent',
                                                              'nullrequirement']),
                                                   {('imod', 'mmod'): defaultdict(<type 'list'>, {(0, '0'): ['v75']}),
                                                    ('mmod', 'imod'): defaultdict(<type 'list'>, {(0, '0'): ['v29'], (0, 'I'): ['v76']})}),
                               'Ras(Ras_GTPmod, imod)': (frozenset(['independent',
                                                                    'nullrequirement']),
                                                         {('Ras_GTPmod', 'imod'): defaultdict(<type 'list'>, {(0, '0'): ['v19', '_reverse_v21', 'v27', '_reverse_v31', 'v66', '_reverse_v68', 'v74', '_reverse_v78']}),
                                                          ('imod', 'Ras_GTPmod'): defaultdict(<type 'list'>, {(0, '0'): ['v66', 'v74'], (0, 'Ras_GTP'): ['_reverse_v67', '_reverse_v77']})}),
                               'Ras(mmod, imod)': (frozenset(['independent',
                                                              'nullrequirement']),
                                                   {('imod', 'mmod'): defaultdict(<type 'list'>, {(0, '0'): ['v66', '_reverse_v67', 'v74', '_reverse_v77']}),
                                                    ('mmod', 'imod'): defaultdict(<type 'list'>, {(0, '0'): ['_reverse_v20', 'v29', '_reverse_v30', '_reverse_v67', '_reverse_v77'], (0, 'I'): ['v76']})})}}
