DEBUG:Atomization:added induced naming convention [['Shc'], ['pShc']]
DEBUG:Atomization:added induced naming convention [['RasG'], ['RasGTP']]
DEBUG:Atomization:added induced naming convention [['RasG'], ['RasGDP']]
DEBUG:Atomization:inverting order of [['pSOS'], ['SOS']] for lexical analysis
DEBUG:Atomization:inverting order of [['ppRaf'], ['pRaf']] for lexical analysis
DEBUG:Atomization:inverting order of [['pPTEN'], ['PTEN']] for lexical analysis
DEBUG:Atomization:inverting order of [['pRhoGEF'], ['RhoGEF']] for lexical analysis
DEBUG:Atomization:inverting order of [['pSrc_TP7'], ['Src_TP7']] for lexical analysis
DEBUG:Atomization:added induced naming convention [[u'Ras'], ['RasGTP']]
DEBUG:Atomization:added induced naming convention [['MEK'], ['ppMEK']]
DEBUG:Atomization:inverting order of [['pSOS'], ['SOS']] for lexical analysis
DEBUG:Atomization:inverting order of [['ppRaf'], ['pRaf']] for lexical analysis
DEBUG:Atomization:inverting order of [['pPTEN'], ['PTEN']] for lexical analysis
DEBUG:Atomization:added induced naming convention [[u'Rac'], ['RacGDP']]
DEBUG:Atomization:inverting order of [['pRhoGEF'], ['RhoGEF']] for lexical analysis
INFO:Atomization:common root Rho=RhoGTP:RhoGAP
DEBUG:Atomization:added induced naming convention [['Rho'], ['RhoGAP']]
DEBUG:Atomization:inverting order of [['pSrc_TP7'], ['Src_TP7']] for lexical analysis
DEBUG:Atomization:inverting order of [['Pro_EGFR'], ['EGFR']] for lexical analysis
DEBUG:Atomization:added induced naming convention [['EGFR'], ['Pro_EGFR']]
INFO:Atomization:SHP2 was determined to be the same as [['SHP']] according to annotation information.
WARNING:Atomization:pEPn_Mpase is thought to be partially composed of reactants [['EPn']] according to annotation information. Please verify stoichiometry
INFO:Atomization:RasGAP can be mapped to ['Ras'] through existing naming conventions
INFO:Atomization:RacGAP can be mapped to ['Rac'] through existing naming conventions
INFO:Atomization:RhoGAP can be mapped to ['Rho'] through existing naming conventions
INFO:Atomization:Lexical relationship inferred between                                     ['EPn', 'pEPn'], user information confirming it is required
WARNING:Atomization:For species ppMEK, candidates [['pMEK'], ['MEK']] agree on the basic components but naming conventions cannot determine  specific modifications. Selecting ['pMEK'] based on longest partial match
WARNING:Atomization:For species ppERK, candidates [['pERK'], ['ERK']] agree on the basic components but naming conventions cannot determine  specific modifications. Selecting ['pERK'] based on longest partial match
WARNING:Atomization:For species ppRaf, candidates [['pRaf'], ['Raf']] agree on the basic components but naming conventions cannot determine  specific modifications. Selecting ['pRaf'] based on longest partial match
WARNING:Atomization:For species pSrc_TP7, candidates [['pSrc', 'TP7'], ['Src', 'TP7']] agree on the basic components but naming conventions cannot determine  specific modifications. Selecting ['pSrc', 'TP7'] based on longest partial match
WARNING:Atomization:For species pAkt_PIP3, candidates [['pAkt', 'PIP3'], ['Akt', 'PIP3']] agree on the basic components but naming conventions cannot determine  specific modifications. Selecting ['pAkt', 'PIP3'] based on longest partial match
WARNING:Atomization:For species pRaf_pMEK, candidates [['pMEK', 'pRaf'], ['MEK', 'pRaf']] agree on the basic components but naming conventions cannot determine  specific modifications. Selecting ['pMEK', 'pRaf'] based on longest partial match
WARNING:Atomization:For species ppERK_MKP3, candidates [['ppERK', 'MKP3'], ['pERK', 'MKP3']] agree on the basic components but naming conventions cannot determine  specific modifications. Selecting ['ppERK', 'MKP3'] based on longest partial match
WARNING:Atomization:For species ppMEK_PP2A, candidates [['ppMEK', 'PP2A'], ['pMEK', 'PP2A']] agree on the basic components but naming conventions cannot determine  specific modifications. Selecting ['ppMEK', 'PP2A'] based on longest partial match
WARNING:Atomization:For species ppMEK_pERK, candidates [['pERK', 'ppMEK'], ['ERK', 'ppMEK']] agree on the basic components but naming conventions cannot determine  specific modifications. Selecting ['pERK', 'ppMEK'] based on longest partial match
WARNING:Atomization:For species EGF_pEGFR_2_pShc, candidates [[u'EGF', u'EGF', u'pEGFR', 'EGFR', 'pShc'], [u'EGF', u'EGF', u'pEGFR', 'EGFR', 'Shc']] agree on the basic components but naming conventions cannot determine  specific modifications. Selecting [u'EGF', u'EGF', u'pEGFR', 'EGFR', 'pShc'] based on longest partial match
WARNING:Atomization:For species EGF_pEGFR_2_Grb2_MEKK1apRafbcdef, candidates [[u'EGF', u'EGF', u'pEGFR', 'EGFR', 'Grb2', 'MEKK1abcdef', 'pRaf'], [u'EGF', u'EGF', u'pEGFR', 'EGFR', 'Grb2', 'MEKK1abcdef', 'Raf']] agree on the basic components but naming conventions cannot determine  specific modifications. Selecting [u'EGF', u'EGF', u'pEGFR', 'EGFR', 'Grb2', 'MEKK1abcdef', 'pRaf'] based on longest partial match
WARNING:Atomization:For species EGF_pEGFR_2_Grb2_MEKK1abppMEKcdef, candidates [[u'EGF', u'EGF', u'pEGFR', 'EGFR', 'Grb2', 'ppMEK', 'MEKK1abcdef'], [u'EGF', u'EGF', u'pEGFR', 'EGFR', 'Grb2', 'pMEK', 'MEKK1abcdef']] agree on the basic components but naming conventions cannot determine  specific modifications. Selecting [u'EGF', u'EGF', u'pEGFR', 'EGFR', 'Grb2', 'ppMEK', 'MEKK1abcdef'] based on longest partial match
WARNING:Atomization:For species EGF_pEGFR_2_Grb2_MEKK1aRafbppMEKcdef, candidates [[u'EGF', u'EGF', u'pEGFR', 'EGFR', 'Grb2', 'ppMEK', 'MEKK1abcdef', 'Raf'], [u'EGF', u'EGF', u'pEGFR', 'EGFR', 'Grb2', 'pMEK', 'MEKK1abcdef', 'Raf']] agree on the basic components but naming conventions cannot determine  specific modifications. Selecting [u'EGF', u'EGF', u'pEGFR', 'EGFR', 'Grb2', 'ppMEK', 'MEKK1abcdef', 'Raf'] based on longest partial match
WARNING:Atomization:For species EGF_pEGFR_2_Grb2_MEKK1abppMEKcdefRasGTP, candidates [[u'EGF', u'EGF', u'pEGFR', 'EGFR', 'Grb2', 'ppMEK', 'MEKK1abcdef', 'RasGTP'], [u'EGF', u'EGF', u'pEGFR', 'EGFR', 'Grb2', 'pMEK', 'MEKK1abcdef', 'RasGTP']] agree on the basic components but naming conventions cannot determine  specific modifications. Selecting [u'EGF', u'EGF', u'pEGFR', 'EGFR', 'Grb2', 'ppMEK', 'MEKK1abcdef', 'RasGTP'] based on longest partial match
WARNING:Atomization:For species EGF_pEGFR_2_Grb2_MEKK1apRafbMEKcdef, candidates [[u'EGF', u'EGF', u'pEGFR', 'EGFR', 'Grb2', 'MEK', 'MEKK1abcdef', 'pRaf'], [u'EGF', u'EGF', u'pEGFR', 'EGFR', 'Grb2', 'MEK', 'MEKK1abcdef', 'Raf']] agree on the basic components but naming conventions cannot determine  specific modifications. Selecting [u'EGF', u'EGF', u'pEGFR', 'EGFR', 'Grb2', 'MEK', 'MEKK1abcdef', 'pRaf'] based on longest partial match
WARNING:Atomization:For species EGF_pEGFR_2_pShc_Grb2_MEKK1apRafbcdef, candidates [[u'EGF', u'EGF', u'pEGFR', 'EGFR', 'Grb2', 'MEKK1abcdef', 'pRaf', 'pShc'], [u'EGF', u'EGF', u'pEGFR', 'EGFR', 'Grb2', 'MEKK1abcdef', 'Raf', 'pShc']] agree on the basic components but naming conventions cannot determine  specific modifications. Selecting [u'EGF', u'EGF', u'pEGFR', 'EGFR', 'Grb2', 'MEKK1abcdef', 'pRaf', 'pShc'] based on longest partial match
WARNING:Atomization:For species EGF_pEGFR_2_pShc_Grb2_MEKK1abppMEKcdef, candidates [[u'EGF', u'EGF', u'pEGFR', 'EGFR', 'Grb2', 'ppMEK', 'MEKK1abcdef', 'pShc'], [u'EGF', u'EGF', u'pEGFR', 'EGFR', 'Grb2', 'pMEK', 'MEKK1abcdef', 'pShc']] agree on the basic components but naming conventions cannot determine  specific modifications. Selecting [u'EGF', u'EGF', u'pEGFR', 'EGFR', 'Grb2', 'ppMEK', 'MEKK1abcdef', 'pShc'] based on longest partial match
WARNING:Atomization:For species EGF_pEGFR_2_pShc_Grb2_MEKK1aRafbppMEKcdef, candidates [[u'EGF', u'EGF', u'pEGFR', 'EGFR', 'Grb2', 'ppMEK', 'MEKK1abcdef', 'Raf', 'pShc'], [u'EGF', u'EGF', u'pEGFR', 'EGFR', 'Grb2', 'pMEK', 'MEKK1abcdef', 'Raf', 'pShc']] agree on the basic components but naming conventions cannot determine  specific modifications. Selecting [u'EGF', u'EGF', u'pEGFR', 'EGFR', 'Grb2', 'ppMEK', 'MEKK1abcdef', 'Raf', 'pShc'] based on longest partial match
WARNING:Atomization:For species EGF_pEGFR_2_pShc_Grb2_MEKK1abppMEKcdefRasGTP, candidates [[u'EGF', u'EGF', u'pEGFR', 'EGFR', 'Grb2', 'ppMEK', 'MEKK1abcdef', 'RasGTP', 'pShc'], [u'EGF', u'EGF', u'pEGFR', 'EGFR', 'Grb2', 'pMEK', 'MEKK1abcdef', 'RasGTP', 'pShc']] agree on the basic components but naming conventions cannot determine  specific modifications. Selecting [u'EGF', u'EGF', u'pEGFR', 'EGFR', 'Grb2', 'ppMEK', 'MEKK1abcdef', 'RasGTP', 'pShc'] based on longest partial match
WARNING:Atomization:For species EGF_pEGFR_2_pShc_Grb2_MEKK1apRafbMEKcdef, candidates [[u'EGF', u'EGF', u'pEGFR', 'EGFR', 'Grb2', 'MEK', 'MEKK1abcdef', 'pRaf', 'pShc'], [u'EGF', u'EGF', u'pEGFR', 'EGFR', 'Grb2', 'MEK', 'MEKK1abcdef', 'Raf', 'pShc']] agree on the basic components but naming conventions cannot determine  specific modifications. Selecting [u'EGF', u'EGF', u'pEGFR', 'EGFR', 'Grb2', 'MEK', 'MEKK1abcdef', 'pRaf', 'pShc'] based on longest partial match
WARNING:Atomization:For species EGF_pEGFR_2_Grb2_MEKK1apRafbppMEKcdef, candidates [[u'EGF', u'EGF', u'pEGFR', 'EGFR', 'Grb2', 'ppMEK', 'MEKK1abcdef', 'pRaf'], [u'EGF', u'EGF', u'pEGFR', 'EGFR', 'Grb2', 'ppMEK', 'MEKK1abcdef', 'Raf'], [u'EGF', u'EGF', u'pEGFRp', 'EGFR', 'Grb2', 'pMEK', 'MEKK1abcdef', 'Raf']] agree on the basic components but naming conventions cannot determine  specific modifications. Selecting [u'EGF', u'EGF', u'pEGFR', 'EGFR', 'Grb2', 'ppMEK', 'MEKK1abcdef', 'pRaf'] based on longest partial match
WARNING:Atomization:For species EGF_pEGFR_2_pShc_Grb2_MEKK1apRafbppMEKcdef, candidates [[u'EGF', u'EGF', u'pEGFR', 'EGFR', 'Grb2', 'ppMEK', 'MEKK1abcdef', 'pRaf', 'pShc'], [u'EGF', u'EGF', u'pEGFR', 'EGFR', 'Grb2', 'ppMEK', 'MEKK1abcdef', 'Raf', 'pShc'], [u'EGF', u'EGF', u'pEGFRp', 'EGFR', 'Grb2', 'pMEK', 'MEKK1abcdef', 'Raf', 'pShc']] agree on the basic components but naming conventions cannot determine  specific modifications. Selecting [u'EGF', u'EGF', u'pEGFR', 'EGFR', 'Grb2', 'ppMEK', 'MEKK1abcdef', 'pRaf', 'pShc'] based on longest partial match
WARNING:ATOMIZATION:adding forced transformation: SHP:[['SHP']]:SHP2
WARNING:ATOMIZATION:adding forced transformation: PIP3:[['PIP3']]:PIP2
DEBUG:Atomization:Binding information found in BioGrid/Pathwaycommons for for Akt-PDK1
DEBUG:Atomization:Binding information found in BioGrid/Pathwaycommons for for Grb2-Shc
WARNING:Atomization:We don't know how ['PIP3', 'Akt'] and ['Takt'] bind together and there's no relevant BioGrid/Pathway commons information. Defaulting to largest pair : PIP3-Takt
WARNING:Atomization:We don't know how ['PIP3', 'RacGEF'] and [u'Rac'] bind together and there's no relevant BioGrid/Pathway commons information. Defaulting to largest pair : PIP3-Rac
DEBUG:Atomization:Binding information found in BioGrid/Pathwaycommons for for Akt-Raf
INFO:Atomization:According to BioGrid/Pathwaycommons there's more than one way to bind ['EGF', 'EGF', 'EGFR', 'EGFR'] and ['Shc'] together: [('EGFR', 'Shc'), ('EGF', 'Shc')]. Defaulting to EGFR-Shc
INFO:Atomization:According to BioGrid/Pathwaycommons there's more than one way to bind ['EGF', 'EGF', 'EGFR', 'EGFR'] and ['Src'] together: [('EGF', 'Src'), ('EGFR', 'Src')]. Defaulting to EGFR-Src
INFO:Atomization:According to BioGrid/Pathwaycommons there's more than one way to bind ['EGFR', 'EGFR', 'EGF', 'EGF'] and ['SHP'] together: [('EGF', 'SHP'), ('EGFR', 'SHP')]. Defaulting to EGFR-SHP
INFO:Atomization:According to BioGrid/Pathwaycommons there's more than one way to bind ['EGF', 'EGF', 'EGFR', 'EGFR'] and ['Grb2'] together: [('EGFR', 'Grb2'), ('EGF', 'Grb2')]. Defaulting to EGFR-Grb2
DEBUG:Atomization:Binding information found in BioGrid/Pathwaycommons for for EGFR-PI3K
INFO:Atomization:According to BioGrid/Pathwaycommons there's more than one way to bind ['EGFR', 'EGF', 'EGFR', 'EGF'] and ['RasGAP'] together: [('EGF', 'RasGAP'), ('EGFR', 'RasGAP')]. Defaulting to EGFR-RasGAP
WARNING:Atomization:Redundant bonds detected between molecules ['Grb2', 'Shc', u'EGFR'] in species EGF_pEGFR_2_pShc_Grb2
INFO:Atomization:According to BioGrid/Pathwaycommons there's more than one way to bind ['EGF', 'EGFR', 'Grb2', 'EGF', 'SOS', 'EGFR'] and ['Cbl_CIN85'] together: [('Cbl_CIN85', 'EGF'), ('Cbl_CIN85', 'Grb2'), ('Cbl_CIN85', 'EGFR'), ('Cbl_CIN85', 'SOS')]. Defaulting to EGFR-Cbl_CIN85
WARNING:Atomization:Redundant bonds detected between molecules ['Grb2', 'Shc', u'EGFR'] in species EGF_pEGFR_2_pShc_Grb2_SOS
INFO:Atomization:According to BioGrid/Pathwaycommons there's more than one way to bind ['EGF', 'SOS', 'EGFR', 'Grb2', 'EGF', 'EGFR'] and ['Ras'] together: [('EGFR', 'Ras'), ('EGF', 'Ras')]. Defaulting to EGFR-Ras
WARNING:Atomization:Redundant bonds detected between molecules ['Grb2', 'Shc', u'EGFR'] in species EGF_pEGFR_2_pShc_Grb2_MEKK1abcdef
WARNING:Atomization:Redundant bonds detected between molecules ['Grb2', 'Shc', u'EGFR'] in species EGF_pEGFR_2_pShc_Grb2_SHP2
WARNING:Atomization:Redundant bonds detected between molecules ['Shc', 'SHP', u'EGFR'] in species EGF_pEGFR_2_pShc_Grb2_SHP2
WARNING:Atomization:We don't know how ['Grb2', u'EGF', u'EGFR', 'SHP', u'EGFR', u'EGF'] and ['RhoGEF'] bind together and there's no relevant BioGrid/Pathway commons information. Defaulting to largest pair : EGFR-RhoGEF
DEBUG:Atomization:Binding information found in BioGrid/Pathwaycommons for for EGFR-RhoGAP
WARNING:Atomization:Redundant bonds detected between molecules [u'Raf', u'MEK', u'MEKK1abcdef'] in species EGF_pEGFR_2_Grb2_MEKK1aRafbMEKcdef
INFO:Atomization:According to BioGrid/Pathwaycommons there's more than one way to bind ['EGFR', 'Grb2', 'Cbl_CIN85', 'EGF', 'EGFR', 'SOS', 'EGF'] and ['EPn'] together: [('Cbl_CIN85', 'EPn'), ('EPn', 'Grb2'), ('EGF', 'EPn'), ('EGFR', 'EPn')]. Defaulting to EGFR-EPn
WARNING:Atomization:Redundant bonds detected between molecules [u'MEK', u'Raf', u'MEKK1abcdef'] in species EGF_pEGFR_2_Grb2_MEKK1aRafbpMEKcdef
WARNING:Atomization:Redundant bonds detected between molecules ['Grb2', 'Shc', u'EGFR'] in species EGF_pEGFR_2_pShc_Grb2_SOS_Cbl_CIN85
WARNING:Atomization:Redundant bonds detected between molecules [u'MEKK1abcdef', u'MEK', u'Raf'] in species EGF_pEGFR_2_Grb2_MEKK1apRafbMEKcdef
WARNING:Atomization:Redundant bonds detected between molecules ['Grb2', 'Shc', u'EGFR'] in species EGF_pEGFR_2_pShc_Grb2_MEKK1aRafbcdef
WARNING:Atomization:Redundant bonds detected between molecules ['Grb2', 'Shc', u'EGFR'] in species EGF_pEGFR_2_pShc_Grb2_MEKK1abMEKcdef
WARNING:Atomization:Redundant bonds detected between molecules ['Grb2', 'Shc', u'EGFR'] in species EGF_pEGFR_2_pShc_Grb2_SOS_RasGDP
WARNING:Atomization:Redundant bonds detected between molecules [u'MEK', u'Raf', u'MEKK1abcdef'] in species EGF_pEGFR_2_Grb2_MEKK1aRafbppMEKcdef
WARNING:Atomization:Redundant bonds detected between molecules [u'MEK', u'Raf', u'MEKK1abcdef'] in species EGF_pEGFR_2_Grb2_MEKK1apRafbpMEKcdef
WARNING:Atomization:Redundant bonds detected between molecules [u'ERK', u'MEK', u'MEKK1abcdef'] in species EGF_pEGFR_2_Grb2_MEKK1abppMEKcERKdef
WARNING:Atomization:Redundant bonds detected between molecules ['Grb2', 'Shc', u'EGFR'] in species EGF_pEGFR_2_pShc_Grb2_MEKK1apRafbcdef
WARNING:Atomization:Redundant bonds detected between molecules ['Grb2', 'Shc', u'EGFR'] in species EGF_pEGFR_2_pShc_Grb2_MEKK1abpMEKcdef
WARNING:Atomization:Redundant bonds detected between molecules ['Grb2', 'Shc', u'EGFR'] in species EGF_pEGFR_2_pShc_Grb2_MEKK1abcdefRasGTP
WARNING:Atomization:Redundant bonds detected between molecules ['Grb2', 'Shc', u'EGFR'] in species ppERK_EGF_pEGFR_2_pShc_Grb2_SOS
WARNING:Atomization:Redundant bonds detected between molecules ['Grb2', 'Shc', u'EGFR'] in species EGF_pEGFR_2_pShc_Grb2_SHP2_pRhoGEF
WARNING:Atomization:Redundant bonds detected between molecules ['Shc', 'SHP', u'EGFR'] in species EGF_pEGFR_2_pShc_Grb2_SHP2_pRhoGEF
WARNING:Atomization:Redundant bonds detected between molecules ['Grb2', 'Shc', u'EGFR'] in species EGF_pEGFR_2_pShc_Grb2_SHP2_pRhoGAP
WARNING:Atomization:Redundant bonds detected between molecules ['Shc', 'SHP', u'EGFR'] in species EGF_pEGFR_2_pShc_Grb2_SHP2_pRhoGAP
WARNING:Atomization:Redundant bonds detected between molecules [u'MEK', u'Raf', u'MEKK1abcdef'] in species EGF_pEGFR_2_Grb2_MEKK1apRafbppMEKcdef
WARNING:Atomization:Redundant bonds detected between molecules [u'ERK', u'MEK', u'MEKK1abcdef'] in species EGF_pEGFR_2_Grb2_MEKK1abppMEKcpERKdef
WARNING:Atomization:Redundant bonds detected between molecules ['Grb2', 'Shc', u'EGFR'] in species EGF_pEGFR_2_pShc_Grb2_MEKK1abppMEKcdef
WARNING:Atomization:Redundant bonds detected between molecules ['Grb2', 'Shc', u'EGFR'] in species EGF_pEGFR_2_pShc_Grb2_SOS_Cbl_CIN85_EPn
WARNING:Atomization:Redundant bonds detected between molecules [u'Raf', u'MEK', u'MEKK1abcdef'] in species EGF_pEGFR_2_pShc_Grb2_MEKK1aRafbMEKcdef
WARNING:Atomization:Redundant bonds detected between molecules ['Grb2', 'Shc', u'EGFR'] in species EGF_pEGFR_2_pShc_Grb2_MEKK1aRafbMEKcdef
WARNING:Atomization:Redundant bonds detected between molecules [u'Raf', u'MEK', u'MEKK1abcdef'] in species EGF_pEGFR_2_Grb2_MEKK1aRafbMEKcdRhoGTPef
WARNING:Atomization:Redundant bonds detected between molecules [u'ERK', u'MEK', u'MEKK1abcdef'] in species EGF_pEGFR_2_Grb2_MEKK1abppMEKcppERKdef
WARNING:Atomization:Redundant bonds detected between molecules [u'ERK', u'MEK', u'MEKK1abcdef'] in species EGF_pEGFR_2_Grb2_MEKK1aRafbppMEKcERKdef
WARNING:Atomization:Redundant bonds detected between molecules [u'MEK', u'Raf', u'MEKK1abcdef'] in species EGF_pEGFR_2_Grb2_MEKK1aRafbppMEKcERKdef
WARNING:Atomization:Redundant bonds detected between molecules [u'Raf', u'MEK', u'MEKK1abcdef'] in species EGF_pEGFR_2_pShc_Grb2_MEKK1apRafbMEKcdef
WARNING:Atomization:Redundant bonds detected between molecules ['Grb2', 'Shc', u'EGFR'] in species EGF_pEGFR_2_pShc_Grb2_MEKK1apRafbMEKcdef
WARNING:Atomization:Redundant bonds detected between molecules [u'MEK', u'Raf', u'MEKK1abcdef'] in species EGF_pEGFR_2_pShc_Grb2_MEKK1aRafbpMEKcdef
WARNING:Atomization:Redundant bonds detected between molecules ['Grb2', 'Shc', u'EGFR'] in species EGF_pEGFR_2_pShc_Grb2_MEKK1aRafbpMEKcdef
WARNING:Atomization:Redundant bonds detected between molecules ['Grb2', 'Shc', u'EGFR'] in species EGF_pEGFR_2_pShc_Grb2_MEKK1abMEKcdRhoGTPef
WARNING:Atomization:Redundant bonds detected between molecules ['Grb2', 'Shc', u'EGFR'] in species EGF_pEGFR_2_pShc_Grb2_MEKK1abMEKcdefRasGTP
WARNING:Atomization:Redundant bonds detected between molecules ['Grb2', 'Shc', u'EGFR'] in species EGF_pEGFR_2_pShc_Grb2_MEKK1aRafbcdRhoGTPef
WARNING:Atomization:Redundant bonds detected between molecules [u'ERK', u'MEK', u'MEKK1abcdef'] in species EGF_pEGFR_2_Grb2_MEKK1aRafbppMEKcpERKdef
WARNING:Atomization:Redundant bonds detected between molecules [u'MEK', u'Raf', u'MEKK1abcdef'] in species EGF_pEGFR_2_Grb2_MEKK1aRafbppMEKcpERKdef
WARNING:Atomization:Redundant bonds detected between molecules [u'MEK', u'Raf', u'MEKK1abcdef'] in species EGF_pEGFR_2_pShc_Grb2_MEKK1aRafbppMEKcdef
WARNING:Atomization:Redundant bonds detected between molecules ['Grb2', 'Shc', u'EGFR'] in species EGF_pEGFR_2_pShc_Grb2_MEKK1aRafbppMEKcdef
WARNING:Atomization:Redundant bonds detected between molecules [u'MEK', u'Raf', u'MEKK1abcdef'] in species EGF_pEGFR_2_pShc_Grb2_MEKK1apRafbpMEKcdef
WARNING:Atomization:Redundant bonds detected between molecules ['Grb2', 'Shc', u'EGFR'] in species EGF_pEGFR_2_pShc_Grb2_MEKK1apRafbpMEKcdef
WARNING:Atomization:Redundant bonds detected between molecules [u'ERK', u'MEK', u'MEKK1abcdef'] in species EGF_pEGFR_2_pShc_Grb2_MEKK1abppMEKcERKdef
WARNING:Atomization:Redundant bonds detected between molecules ['Grb2', 'Shc', u'EGFR'] in species EGF_pEGFR_2_pShc_Grb2_MEKK1abppMEKcERKdef
WARNING:Atomization:Redundant bonds detected between molecules [u'ERK', u'MEK', u'MEKK1abcdef'] in species EGF_pEGFR_2_Grb2_MEKK1abppMEKcERKdefRasGTP
WARNING:Atomization:Redundant bonds detected between molecules ['Grb2', 'Shc', u'EGFR'] in species EGF_pEGFR_2_pShc_Grb2_MEKK1abpMEKcdefRasGTP
WARNING:Atomization:Redundant bonds detected between molecules [u'MEKK1abcdef', u'MEK', u'ERK'] in species EGF_pEGFR_2_Grb2_MEKK1aRafbppMEKcppERKdef
WARNING:Atomization:Redundant bonds detected between molecules [u'MEK', u'Raf', u'MEKK1abcdef'] in species EGF_pEGFR_2_Grb2_MEKK1aRafbppMEKcppERKdef
WARNING:Atomization:Redundant bonds detected between molecules [u'MEK', u'Raf', u'MEKK1abcdef'] in species EGF_pEGFR_2_pShc_Grb2_MEKK1apRafbppMEKcdef
WARNING:Atomization:Redundant bonds detected between molecules ['Grb2', 'Shc', u'EGFR'] in species EGF_pEGFR_2_pShc_Grb2_MEKK1apRafbppMEKcdef
WARNING:Atomization:Redundant bonds detected between molecules [u'ERK', u'MEK', u'MEKK1abcdef'] in species EGF_pEGFR_2_pShc_Grb2_MEKK1abppMEKcpERKdef
WARNING:Atomization:Redundant bonds detected between molecules ['Grb2', 'Shc', u'EGFR'] in species EGF_pEGFR_2_pShc_Grb2_MEKK1abppMEKcpERKdef
WARNING:Atomization:Redundant bonds detected between molecules [u'ERK', u'MEK', u'MEKK1abcdef'] in species EGF_pEGFR_2_Grb2_MEKK1abppMEKcpERKdefRasGTP
WARNING:Atomization:Redundant bonds detected between molecules ['Grb2', 'Shc', u'EGFR'] in species EGF_pEGFR_2_pShc_Grb2_MEKK1abppMEKcdRhoGTPef
WARNING:Atomization:Redundant bonds detected between molecules ['Grb2', 'Shc', u'EGFR'] in species EGF_pEGFR_2_pShc_Grb2_MEKK1abppMEKcdefRasGTP
WARNING:Atomization:Redundant bonds detected between molecules [u'Raf', u'MEK', u'MEKK1abcdef'] in species EGF_pEGFR_2_pShc_Grb2_MEKK1aRafbMEKcdRhoGTPef
WARNING:Atomization:Redundant bonds detected between molecules ['Grb2', 'Shc', u'EGFR'] in species EGF_pEGFR_2_pShc_Grb2_MEKK1aRafbMEKcdRhoGTPef
WARNING:Atomization:Redundant bonds detected between molecules [u'ERK', u'MEK', u'MEKK1abcdef'] in species EGF_pEGFR_2_pShc_Grb2_MEKK1abppMEKcppERKdef
WARNING:Atomization:Redundant bonds detected between molecules ['Grb2', 'Shc', u'EGFR'] in species EGF_pEGFR_2_pShc_Grb2_MEKK1abppMEKcppERKdef
WARNING:Atomization:Redundant bonds detected between molecules [u'ERK', u'MEK', u'MEKK1abcdef'] in species EGF_pEGFR_2_pShc_Grb2_MEKK1aRafbppMEKcERKdef
WARNING:Atomization:Redundant bonds detected between molecules [u'MEK', u'Raf', u'MEKK1abcdef'] in species EGF_pEGFR_2_pShc_Grb2_MEKK1aRafbppMEKcERKdef
WARNING:Atomization:Redundant bonds detected between molecules ['Grb2', 'Shc', u'EGFR'] in species EGF_pEGFR_2_pShc_Grb2_MEKK1aRafbppMEKcERKdef
WARNING:Atomization:Redundant bonds detected between molecules [u'ERK', u'MEK', u'MEKK1abcdef'] in species EGF_pEGFR_2_Grb2_MEKK1abppMEKcppERKdefRasGTP
WARNING:Atomization:Redundant bonds detected between molecules ['Grb2', 'Shc', u'EGFR'] in species EGF_pEGFR_2_pShc_Grb2_MEKK1aRafbcdRhoGTPepRhoGAPf
WARNING:Atomization:Redundant bonds detected between molecules [u'ERK', u'MEK', u'MEKK1abcdef'] in species EGF_pEGFR_2_pShc_Grb2_MEKK1aRafbppMEKcpERKdef
WARNING:Atomization:Redundant bonds detected between molecules [u'MEK', u'Raf', u'MEKK1abcdef'] in species EGF_pEGFR_2_pShc_Grb2_MEKK1aRafbppMEKcpERKdef
WARNING:Atomization:Redundant bonds detected between molecules ['Grb2', 'Shc', u'EGFR'] in species EGF_pEGFR_2_pShc_Grb2_MEKK1aRafbppMEKcpERKdef
WARNING:Atomization:Redundant bonds detected between molecules [u'ERK', u'MEK', u'MEKK1abcdef'] in species EGF_pEGFR_2_pShc_Grb2_MEKK1abppMEKcERKdefRasGTP
WARNING:Atomization:Redundant bonds detected between molecules ['Grb2', 'Shc', u'EGFR'] in species EGF_pEGFR_2_pShc_Grb2_MEKK1abppMEKcERKdefRasGTP
WARNING:Atomization:Redundant bonds detected between molecules [u'MEKK1abcdef', u'MEK', u'ERK'] in species EGF_pEGFR_2_pShc_Grb2_MEKK1aRafbppMEKcppERKdef
WARNING:Atomization:Redundant bonds detected between molecules [u'MEK', u'Raf', u'MEKK1abcdef'] in species EGF_pEGFR_2_pShc_Grb2_MEKK1aRafbppMEKcppERKdef
WARNING:Atomization:Redundant bonds detected between molecules ['Grb2', 'Shc', u'EGFR'] in species EGF_pEGFR_2_pShc_Grb2_MEKK1aRafbppMEKcppERKdef
WARNING:Atomization:Redundant bonds detected between molecules [u'ERK', u'MEK', u'MEKK1abcdef'] in species EGF_pEGFR_2_pShc_Grb2_MEKK1abppMEKcpERKdefRasGTP
WARNING:Atomization:Redundant bonds detected between molecules ['Grb2', 'Shc', u'EGFR'] in species EGF_pEGFR_2_pShc_Grb2_MEKK1abppMEKcpERKdefRasGTP
WARNING:Atomization:Redundant bonds detected between molecules ['Grb2', 'Shc', u'EGFR'] in species EGF_pEGFR_2_pShc_Grb2_MEKK1aRafbppMEKcdRhoGTPepRhoGAPf
WARNING:Atomization:Redundant bonds detected between molecules [u'ERK', u'MEK', u'MEKK1abcdef'] in species EGF_pEGFR_2_pShc_Grb2_MEKK1abppMEKcppERKdefRasGTP
WARNING:Atomization:Redundant bonds detected between molecules ['Grb2', 'Shc', u'EGFR'] in species EGF_pEGFR_2_pShc_Grb2_MEKK1abppMEKcppERKdefRasGTP
INFO:Summary:File contains 40 molecules out of 194 original SBML species
INFO:Atomization:Used context information to determine that the bond [u'ERK', u'MEK'] in species EGF_pEGFR_2_Grb2_MEKK1abppMEKcERKdef is not likely
INFO:Atomization:Used context information to determine that the bond [u'ERK', u'MEK'] in species EGF_pEGFR_2_pShc_Grb2_MEKK1aRafbppMEKcERKdef is not likely
INFO:Atomization:Used context information to determine that the bond [u'MEK', u'Raf'] in species EGF_pEGFR_2_pShc_Grb2_MEKK1aRafbppMEKcpERKdef is not likely
INFO:Atomization:Used context information to determine that the bond [u'MEK', u'Raf'] in species EGF_pEGFR_2_Grb2_MEKK1aRafbppMEKcERKdef is not likely
INFO:Atomization:Used context information to determine that the bond [u'ERK', u'MEK'] in species EGF_pEGFR_2_Grb2_MEKK1abppMEKcERKdefRasGTP is not likely
INFO:Atomization:Used context information to determine that the bond [u'MEK', u'Raf'] in species EGF_pEGFR_2_Grb2_MEKK1apRafbMEKcdef is not likely
INFO:Atomization:Used context information to determine that the bond [u'MEK', u'Raf'] in species EGF_pEGFR_2_Grb2_MEKK1aRafbppMEKcpERKdef is not likely
INFO:Atomization:Used context information to determine that the bond [u'MEK', u'Raf'] in species EGF_pEGFR_2_pShc_Grb2_MEKK1aRafbppMEKcppERKdef is not likely
INFO:Atomization:Used context information to determine that the bond [u'ERK', u'MEK'] in species EGF_pEGFR_2_Grb2_MEKK1aRafbppMEKcppERKdef is not likely
INFO:Atomization:Used context information to determine that the bond [u'MEK', u'Raf'] in species EGF_pEGFR_2_pShc_Grb2_MEKK1apRafbMEKcdef is not likely
INFO:Atomization:Used context information to determine that the bond [u'MEK', u'Raf'] in species EGF_pEGFR_2_Grb2_MEKK1apRafbpMEKcdef is not likely
INFO:Atomization:Used context information to determine that the bond [u'ERK', u'MEK'] in species EGF_pEGFR_2_pShc_Grb2_MEKK1aRafbppMEKcpERKdef is not likely
INFO:Atomization:Used context information to determine that the bond [u'ERK', u'MEK'] in species EGF_pEGFR_2_Grb2_MEKK1aRafbppMEKcERKdef is not likely
INFO:Atomization:Used context information to determine that the bond [u'ERK', u'MEK'] in species EGF_pEGFR_2_pShc_Grb2_MEKK1abppMEKcERKdefRasGTP is not likely
INFO:Atomization:Used context information to determine that the bond [u'ERK', u'MEK'] in species EGF_pEGFR_2_Grb2_MEKK1abppMEKcpERKdefRasGTP is not likely
INFO:Atomization:Used context information to determine that the bond [u'MEK', u'Raf'] in species EGF_pEGFR_2_pShc_Grb2_MEKK1aRafbppMEKcdef is not likely
INFO:Atomization:Used context information to determine that the bond [u'ERK', u'MEK'] in species EGF_pEGFR_2_pShc_Grb2_MEKK1abppMEKcppERKdefRasGTP is not likely
INFO:Atomization:Used context information to determine that the bond [u'ERK', u'MEK'] in species EGF_pEGFR_2_Grb2_MEKK1aRafbppMEKcpERKdef is not likely
INFO:Atomization:Used context information to determine that the bond [u'ERK', u'MEK'] in species EGF_pEGFR_2_pShc_Grb2_MEKK1aRafbppMEKcppERKdef is not likely
INFO:Atomization:Used context information to determine that the bond [u'MEK', u'Raf'] in species EGF_pEGFR_2_pShc_Grb2_MEKK1apRafbpMEKcdef is not likely
INFO:Atomization:Used context information to determine that the bond [u'ERK', u'MEK'] in species EGF_pEGFR_2_pShc_Grb2_MEKK1abppMEKcppERKdef is not likely
INFO:Atomization:Used context information to determine that the bond [u'MEK', u'Raf'] in species EGF_pEGFR_2_Grb2_MEKK1aRafbppMEKcppERKdef is not likely
INFO:Atomization:Used context information to determine that the bond [u'MEK', u'Raf'] in species EGF_pEGFR_2_Grb2_MEKK1aRafbppMEKcdef is not likely
INFO:Atomization:Used context information to determine that the bond [u'MEK', u'Raf'] in species EGF_pEGFR_2_pShc_Grb2_MEKK1aRafbMEKcdRhoGTPef is not likely
INFO:Atomization:Used context information to determine that the bond [u'MEK', u'Raf'] in species EGF_pEGFR_2_Grb2_MEKK1apRafbppMEKcdef is not likely
INFO:Atomization:Used context information to determine that the bond [u'ERK', u'MEK'] in species EGF_pEGFR_2_Grb2_MEKK1abppMEKcppERKdefRasGTP is not likely
INFO:Atomization:Used context information to determine that the bond [u'ERK', u'MEK'] in species EGF_pEGFR_2_pShc_Grb2_MEKK1abppMEKcpERKdef is not likely
INFO:Atomization:Used context information to determine that the bond [u'ERK', u'MEK'] in species EGF_pEGFR_2_pShc_Grb2_MEKK1abppMEKcERKdef is not likely
INFO:Atomization:Used context information to determine that the bond [u'MEK', u'Raf'] in species EGF_pEGFR_2_pShc_Grb2_MEKK1aRafbpMEKcdef is not likely
INFO:Atomization:Used context information to determine that the bond [u'MEK', u'Raf'] in species EGF_pEGFR_2_pShc_Grb2_MEKK1aRafbMEKcdef is not likely
INFO:Atomization:Used context information to determine that the bond [u'ERK', u'MEK'] in species EGF_pEGFR_2_Grb2_MEKK1abppMEKcpERKdef is not likely
INFO:Atomization:Used context information to determine that the bond [u'MEK', u'Raf'] in species EGF_pEGFR_2_pShc_Grb2_MEKK1aRafbppMEKcERKdef is not likely
INFO:Atomization:Used context information to determine that the bond [u'MEK', u'Raf'] in species EGF_pEGFR_2_Grb2_MEKK1aRafbMEKcdRhoGTPef is not likely
INFO:Atomization:Used context information to determine that the bond [u'MEK', u'Raf'] in species EGF_pEGFR_2_Grb2_MEKK1aRafbpMEKcdef is not likely
INFO:Atomization:Used context information to determine that the bond [u'ERK', u'MEK'] in species EGF_pEGFR_2_pShc_Grb2_MEKK1abppMEKcpERKdefRasGTP is not likely
INFO:Atomization:Used context information to determine that the bond [u'ERK', u'MEK'] in species EGF_pEGFR_2_Grb2_MEKK1abppMEKcppERKdef is not likely
INFO:Atomization:Used context information to determine that the bond [u'MEK', u'Raf'] in species EGF_pEGFR_2_pShc_Grb2_MEKK1apRafbppMEKcdef is not likely
INFO:Atomization:Used context information to determine that the bond [u'MEK', u'Raf'] in species EGF_pEGFR_2_Grb2_MEKK1aRafbMEKcdef is not likely
INFO:Summary:File contains 40 molecules out of 194 original SBML species
WARNING:ContextAnalysis:Species with suspect context information were found. Information is being dumped to egfr/output205.bngl_context.log
