{'ERK(_Pmod, mek)': set(['ERK_PP', 'ERK_P_MEK_PP']),
 'MEK(_Pmod, rafast)': set(['MEK_PP', 'MEK_P_Rafast']),
 'STAT3(Cmod, stat3)': set(['STAT3Cast']),
 'STAT3(stat3, Nmod)': set(['STAT3Nast'])}
{'binding-binding': {'JAK(socs3, shp2)': (frozenset(['independent',
                                                     'nullrequirement']),
                                          {('shp2', 'socs3'): defaultdict(<type 'list'>, {(1, ''): ['R28'], (0, ''): ['R14', '_reverse_R16', '_reverse_R16a', '_reverse_R17']}),
                                           ('socs3', 'shp2'): defaultdict(<type 'list'>, {(0, ''): ['R15']})}),
                     'JAK(stat3, shp2)': (frozenset(['independent',
                                                     'nullrequirement']),
                                          {('shp2', 'stat3'): defaultdict(<type 'list'>, {(1, ''): ['R28'], (0, ''): ['R14', '_reverse_R16', '_reverse_R16a', '_reverse_R17']}),
                                           ('stat3', 'shp2'): defaultdict(<type 'list'>, {(0, ''): ['R11', 'R13', 'R21']})}),
                     'JAK(stat3, socs3)': (frozenset(['independent',
                                                      'nullrequirement']),
                                           {('socs3', 'stat3'): defaultdict(<type 'list'>, {(0, ''): ['R15']}),
                                            ('stat3', 'socs3'): defaultdict(<type 'list'>, {(1, ''): ['R21'], (0, ''): ['R11', 'R13']})}),
                     'STAT3(pp1, stat3)': (frozenset(['independent',
                                                      'nullrequirement']),
                                           {('pp1', 'stat3'): defaultdict(<type 'list'>, {(1, ''): ['R25'], (0, ''): ['R24']}),
                                            ('stat3', 'pp1'): defaultdict(<type 'list'>, {(0, ''): ['R19', 'R23', '_reverse_R31', '_reverse_R34']})}),
                     'STAT3(pp2, stat3)': (frozenset(['independent',
                                                      'nullrequirement']),
                                           {('pp2', 'stat3'): defaultdict(<type 'list'>, {(1, ''): ['R32'], (0, ''): ['R33']}),
                                            ('stat3', 'pp2'): defaultdict(<type 'list'>, {(0, ''): ['R19', 'R23', '_reverse_R31', '_reverse_R34']})})},
 'modification-binding': {'ERK(Pmod, phosp3)': (frozenset(['independent',
                                                           'nullrequirement']),
                                                {('Pmod', 'phosp3'): defaultdict(<type 'list'>, {(0, ''): ['R69']}),
                                                 ('phosp3', 'Pmod'): defaultdict(<type 'list'>, {(0, '0'): ['R72'], (0, 'P'): ['R73']})}),
                          'ERK(_Pmod, mek)': (frozenset(['independent',
                                                         'requirement']),
                                              {('_Pmod', 'mek'): defaultdict(<type 'list'>, {(1, ''): ['R67']}),
                                               ('mek', '_Pmod'): defaultdict(<type 'list'>, {(0, '0'): ['R66'], (0, '_P'): ['_reverse_R68']})}),
                          'MEK(Pmod, phosp2)': (frozenset(['independent',
                                                           'nullrequirement']),
                                                {('Pmod', 'phosp2'): defaultdict(<type 'list'>, {(0, ''): ['R64']}),
                                                 ('phosp2', 'Pmod'): defaultdict(<type 'list'>, {(0, '0'): ['R63'], (0, 'P'): ['R65']})}),
                          'MEK(_Pmod, rafast)': (frozenset(['independent',
                                                            'requirement']),
                                                 {('_Pmod', 'rafast'): defaultdict(<type 'list'>, {(1, ''): ['R59']}),
                                                  ('rafast', '_Pmod'): defaultdict(<type 'list'>, {(0, '0'): ['R58'], (0, '_P'): ['R60']})}),
                          'STAT3(Cmod, stat3)': (frozenset(['independent',
                                                            'nullrequirement']),
                                                 {('Cmod', 'stat3'): defaultdict(<type 'list'>, {(0, ''): ['R20']}),
                                                  ('stat3', 'Cmod'): defaultdict(<type 'list'>, {(0, '0'): ['_reverse_R31', '_reverse_R34'], (0, 'C'): ['R19', 'R23']})}),
                          'STAT3(stat3, Nmod)': (frozenset(['independent',
                                                            'requirement']),
                                                 {('Nmod', 'stat3'): defaultdict(<type 'list'>, {(1, ''): ['R26']}),
                                                  ('stat3', 'Nmod'): defaultdict(<type 'list'>, {(0, '0'): ['R19', 'R23'], (0, 'N'): ['_reverse_R31', '_reverse_R34']})})}}
